mode: atomic
github.com/eliezer-borde-globant/EBGoProject/services/services.go:13.77,21.2 4 5
github.com/eliezer-borde-globant/EBGoProject/services/services.go:23.119,28.16 5 2
github.com/eliezer-borde-globant/EBGoProject/services/services.go:32.2,32.22 1 1
github.com/eliezer-borde-globant/EBGoProject/services/services.go:28.16,31.3 2 1
github.com/eliezer-borde-globant/EBGoProject/services/services.go:59.142,62.16 3 5
github.com/eliezer-borde-globant/EBGoProject/services/services.go:66.2,71.16 6 4
github.com/eliezer-borde-globant/EBGoProject/services/services.go:75.2,78.16 4 3
github.com/eliezer-borde-globant/EBGoProject/services/services.go:82.2,84.18 3 2
github.com/eliezer-borde-globant/EBGoProject/services/services.go:91.2,91.36 1 1
github.com/eliezer-borde-globant/EBGoProject/services/services.go:62.16,65.3 2 1
github.com/eliezer-borde-globant/EBGoProject/services/services.go:71.16,74.3 2 1
github.com/eliezer-borde-globant/EBGoProject/services/services.go:78.16,81.3 2 1
github.com/eliezer-borde-globant/EBGoProject/services/services.go:84.18,87.3 2 1
github.com/eliezer-borde-globant/EBGoProject/services/services.go:87.8,90.3 2 1
github.com/eliezer-borde-globant/EBGoProject/services/services.go:161.218,166.16 5 7
github.com/eliezer-borde-globant/EBGoProject/services/services.go:170.2,172.16 3 6
github.com/eliezer-borde-globant/EBGoProject/services/services.go:175.2,178.16 4 5
github.com/eliezer-borde-globant/EBGoProject/services/services.go:182.2,184.16 3 4
github.com/eliezer-borde-globant/EBGoProject/services/services.go:188.2,192.16 4 3
github.com/eliezer-borde-globant/EBGoProject/services/services.go:196.2,201.16 4 2
github.com/eliezer-borde-globant/EBGoProject/services/services.go:205.2,206.12 2 1
github.com/eliezer-borde-globant/EBGoProject/services/services.go:166.16,169.3 2 1
github.com/eliezer-borde-globant/EBGoProject/services/services.go:172.16,174.3 1 1
github.com/eliezer-borde-globant/EBGoProject/services/services.go:178.16,181.3 2 1
github.com/eliezer-borde-globant/EBGoProject/services/services.go:184.16,187.3 2 1
github.com/eliezer-borde-globant/EBGoProject/services/services.go:192.16,195.3 2 1
github.com/eliezer-borde-globant/EBGoProject/services/services.go:201.16,204.3 2 1
github.com/eliezer-borde-globant/EBGoProject/services/service_interfaces.go:66.67,68.2 1 0
github.com/eliezer-borde-globant/EBGoProject/services/service_interfaces.go:70.90,72.2 1 0
github.com/eliezer-borde-globant/EBGoProject/services/service_interfaces.go:74.104,76.2 1 0
github.com/eliezer-borde-globant/EBGoProject/services/service_interfaces.go:78.87,80.2 1 0
github.com/eliezer-borde-globant/EBGoProject/services/service_interfaces.go:82.158,84.2 1 0
github.com/eliezer-borde-globant/EBGoProject/services/service_interfaces.go:86.96,88.2 1 0
github.com/eliezer-borde-globant/EBGoProject/services/service_interfaces.go:90.94,92.2 1 0
github.com/eliezer-borde-globant/EBGoProject/services/service_interfaces.go:94.74,98.2 1 0
github.com/eliezer-borde-globant/EBGoProject/services/service_interfaces.go:100.133,106.16 3 0
github.com/eliezer-borde-globant/EBGoProject/services/service_interfaces.go:109.2,109.16 1 0
github.com/eliezer-borde-globant/EBGoProject/services/service_interfaces.go:122.2,122.26 1 0
github.com/eliezer-borde-globant/EBGoProject/services/service_interfaces.go:106.16,108.3 1 0
github.com/eliezer-borde-globant/EBGoProject/services/service_interfaces.go:109.16,117.17 3 0
github.com/eliezer-borde-globant/EBGoProject/services/service_interfaces.go:120.3,120.43 1 0
github.com/eliezer-borde-globant/EBGoProject/services/service_interfaces.go:117.17,119.4 1 0
github.com/eliezer-borde-globant/EBGoProject/services/service_interfaces.go:125.112,127.2 1 0
github.com/eliezer-borde-globant/EBGoProject/services/service_interfaces.go:129.122,136.2 1 0
github.com/eliezer-borde-globant/EBGoProject/services/service_interfaces.go:138.121,140.2 1 0
github.com/eliezer-borde-globant/EBGoProject/services/service_interfaces.go:142.73,145.2 2 0
github.com/eliezer-borde-globant/EBGoProject/services/service_interfaces.go:156.69,166.2 2 0
